nov. 18, 2023 10:02:40 A.Â M. Modelo.AgenciaUQ <init>
INFO: Se cre una nueva instancia de AgenciaUQ
nov. 18, 2023 10:07:47 A.Â M. Modelo.AgenciaUQ <init>
INFO: Se cre una nueva instancia de AgenciaUQ
nov. 18, 2023 5:17:42 P. M. Modelo.AgenciaUQ <init>
INFORMACIÓN: Se cre una nueva instancia de AgenciaUQ
nov. 18, 2023 5:18:21 P. M. Modelo.AgenciaUQ <init>
INFORMACIÓN: Se cre una nueva instancia de AgenciaUQ
nov. 18, 2023 6:14:36 P. M. Modelo.AgenciaUQ <init>
INFORMACIÓN: Se cre una nueva instancia de AgenciaUQ
nov. 18, 2023 6:15:04 P. M. Modelo.AgenciaUQ <init>
INFORMACIÓN: Se cre una nueva instancia de AgenciaUQ
nov. 18, 2023 6:19:44 P. M. Modelo.AgenciaUQ <init>
INFORMACIÓN: Se cre una nueva instancia de AgenciaUQ
nov. 18, 2023 6:45:49 P. M. Modelo.AgenciaUQ <init>
INFORMACIÓN: Se cre una nueva instancia de AgenciaUQ
nov. 18, 2023 6:48:32 P. M. Modelo.AgenciaUQ <init>
INFORMACIÓN: Se cre una nueva instancia de AgenciaUQ
nov. 18, 2023 6:48:42 P. M. Modelo.AgenciaUQ registrarUsuario
INFORMACIÓN: Usuario '101' registrado correctamente
